# JRE version: OpenJDK Runtime Environment (8.0_275-b01) (build 1.8.0_275-b01)
# Java VM: OpenJDK 64-Bit Server VM (25.275-b01 mixed mode linux-amd64 compressed oops)
Heap:
 PSYoungGen      total 204800K, used 0K [0x00000000eb700000, 0x00000000f8080000, 0x0000000100000000)
  eden space 203264K, 0% used [0x00000000eb700000,0x00000000eb700000,0x00000000f7d80000)
  from space 1536K, 0% used [0x00000000f7d80000,0x00000000f7d80000,0x00000000f7f00000)
  to   space 1536K, 0% used [0x00000000f7f00000,0x00000000f7f00000,0x00000000f8080000)
 ParOldGen       total 42496K, used 568K [0x00000000c2400000, 0x00000000c4d80000, 0x00000000eb700000)
  object space 42496K, 1% used [0x00000000c2400000,0x00000000c248e070,0x00000000c4d80000)
 Metaspace       used 4344K, capacity 5050K, committed 5120K, reserved 1056768K
  class space    used 469K, capacity 490K, committed 512K, reserved 1048576K
GC Heap History (10 events):
Event: 0.802 GC heap after
Heap after GC invocations=6 (full 0):
 PSYoungGen      total 65024K, used 592K [0x00000000eb700000, 0x00000000ef800000, 0x0000000100000000)
  eden space 63488K, 0% used [0x00000000eb700000,0x00000000eb700000,0x00000000ef500000)
  from space 1536K, 38% used [0x00000000ef680000,0x00000000ef714010,0x00000000ef800000)
  to   space 1536K, 0% used [0x00000000ef500000,0x00000000ef500000,0x00000000ef680000)
 ParOldGen       total 42496K, used 16K [0x00000000c2400000, 0x00000000c4d80000, 0x00000000eb700000)
  object space 42496K, 0% used [0x00000000c2400000,0x00000000c2404000,0x00000000c4d80000)
 Metaspace       used 4344K, capacity 5050K, committed 5120K, reserved 1056768K
  class space    used 469K, capacity 490K, committed 512K, reserved 1048576K
}
Event: 0.846 GC heap before
{Heap before GC invocations=7 (full 0):
 PSYoungGen      total 65024K, used 64080K [0x00000000eb700000, 0x00000000ef800000, 0x0000000100000000)
  eden space 63488K, 100% used [0x00000000eb700000,0x00000000ef500000,0x00000000ef500000)
  from space 1536K, 38% used [0x00000000ef680000,0x00000000ef714010,0x00000000ef800000)
  to   space 1536K, 0% used [0x00000000ef500000,0x00000000ef500000,0x00000000ef680000)
 ParOldGen       total 42496K, used 16K [0x00000000c2400000, 0x00000000c4d80000, 0x00000000eb700000)
  object space 42496K, 0% used [0x00000000c2400000,0x00000000c2404000,0x00000000c4d80000)
 Metaspace       used 4344K, capacity 5050K, committed 5120K, reserved 1056768K
  class space    used 469K, capacity 490K, committed 512K, reserved 1048576K
Event: 0.849 GC heap after
Heap after GC invocations=7 (full 0):
 PSYoungGen      total 65024K, used 0K [0x00000000eb700000, 0x00000000f3600000, 0x0000000100000000)
  eden space 63488K, 0% used [0x00000000eb700000,0x00000000eb700000,0x00000000ef500000)
  from space 1536K, 0% used [0x00000000ef500000,0x00000000ef500000,0x00000000ef680000)
  to   space 1536K, 0% used [0x00000000f3480000,0x00000000f3480000,0x00000000f3600000)
 ParOldGen       total 42496K, used 568K [0x00000000c2400000, 0x00000000c4d80000, 0x00000000eb700000)
  object space 42496K, 1% used [0x00000000c2400000,0x00000000c248e070,0x00000000c4d80000)
 Metaspace       used 4344K, capacity 5050K, committed 5120K, reserved 1056768K
  class space    used 469K, capacity 490K, committed 512K, reserved 1048576K
}
Event: 0.873 GC heap before
{Heap before GC invocations=8 (full 0):
 PSYoungGen      total 65024K, used 63488K [0x00000000eb700000, 0x00000000f3600000, 0x0000000100000000)
  eden space 63488K, 100% used [0x00000000eb700000,0x00000000ef500000,0x00000000ef500000)
  from space 1536K, 0% used [0x00000000ef500000,0x00000000ef500000,0x00000000ef680000)
  to   space 1536K, 0% used [0x00000000f3480000,0x00000000f3480000,0x00000000f3600000)
 ParOldGen       total 42496K, used 568K [0x00000000c2400000, 0x00000000c4d80000, 0x00000000eb700000)
  object space 42496K, 1% used [0x00000000c2400000,0x00000000c248e070,0x00000000c4d80000)
 Metaspace       used 4344K, capacity 5050K, committed 5120K, reserved 1056768K
  class space    used 469K, capacity 490K, committed 512K, reserved 1048576K
Event: 0.874 GC heap after
Heap after GC invocations=8 (full 0):
 PSYoungGen      total 128512K, used 0K [0x00000000eb700000, 0x00000000f3600000, 0x0000000100000000)
  eden space 126976K, 0% used [0x00000000eb700000,0x00000000eb700000,0x00000000f3300000)
  from space 1536K, 0% used [0x00000000f3480000,0x00000000f3480000,0x00000000f3600000)
  to   space 1536K, 0% used [0x00000000f3300000,0x00000000f3300000,0x00000000f3480000)
 ParOldGen       total 42496K, used 568K [0x00000000c2400000, 0x00000000c4d80000, 0x00000000eb700000)
  object space 42496K, 1% used [0x00000000c2400000,0x00000000c248e070,0x00000000c4d80000)
 Metaspace       used 4344K, capacity 5050K, committed 5120K, reserved 1056768K
  class space    used 469K, capacity 490K, committed 512K, reserved 1048576K
}
Event: 0.988 GC heap before
{Heap before GC invocations=9 (full 0):
 PSYoungGen      total 128512K, used 126976K [0x00000000eb700000, 0x00000000f3600000, 0x0000000100000000)
  eden space 126976K, 100% used [0x00000000eb700000,0x00000000f3300000,0x00000000f3300000)
  from space 1536K, 0% used [0x00000000f3480000,0x00000000f3480000,0x00000000f3600000)
  to   space 1536K, 0% used [0x00000000f3300000,0x00000000f3300000,0x00000000f3480000)
 ParOldGen       total 42496K, used 568K [0x00000000c2400000, 0x00000000c4d80000, 0x00000000eb700000)
  object space 42496K, 1% used [0x00000000c2400000,0x00000000c248e070,0x00000000c4d80000)
 Metaspace       used 4344K, capacity 5050K, committed 5120K, reserved 1056768K
  class space    used 469K, capacity 490K, committed 512K, reserved 1048576K
Event: 0.997 GC heap after
Heap after GC invocations=9 (full 0):
 PSYoungGen      total 128512K, used 0K [0x00000000eb700000, 0x00000000f8080000, 0x0000000100000000)
  eden space 126976K, 0% used [0x00000000eb700000,0x00000000eb700000,0x00000000f3300000)
  from space 1536K, 0% used [0x00000000f3300000,0x00000000f3300000,0x00000000f3480000)
  to   space 1536K, 0% used [0x00000000f7f00000,0x00000000f7f00000,0x00000000f8080000)
 ParOldGen       total 42496K, used 568K [0x00000000c2400000, 0x00000000c4d80000, 0x00000000eb700000)
  object space 42496K, 1% used [0x00000000c2400000,0x00000000c248e070,0x00000000c4d80000)
 Metaspace       used 4344K, capacity 5050K, committed 5120K, reserved 1056768K
  class space    used 469K, capacity 490K, committed 512K, reserved 1048576K
}
Event: 1.082 GC heap before
{Heap before GC invocations=10 (full 0):
 PSYoungGen      total 128512K, used 126976K [0x00000000eb700000, 0x00000000f8080000, 0x0000000100000000)
  eden space 126976K, 100% used [0x00000000eb700000,0x00000000f3300000,0x00000000f3300000)
  from space 1536K, 0% used [0x00000000f3300000,0x00000000f3300000,0x00000000f3480000)
  to   space 1536K, 0% used [0x00000000f7f00000,0x00000000f7f00000,0x00000000f8080000)
 ParOldGen       total 42496K, used 568K [0x00000000c2400000, 0x00000000c4d80000, 0x00000000eb700000)
  object space 42496K, 1% used [0x00000000c2400000,0x00000000c248e070,0x00000000c4d80000)
 Metaspace       used 4344K, capacity 5050K, committed 5120K, reserved 1056768K
  class space    used 469K, capacity 490K, committed 512K, reserved 1048576K
Event: 1.085 GC heap after
Heap after GC invocations=10 (full 0):
 PSYoungGen      total 204800K, used 0K [0x00000000eb700000, 0x00000000f8080000, 0x0000000100000000)
  eden space 203264K, 0% used [0x00000000eb700000,0x00000000eb700000,0x00000000f7d80000)
  from space 1536K, 0% used [0x00000000f7f00000,0x00000000f7f00000,0x00000000f8080000)
  to   space 1536K, 0% used [0x00000000f7d80000,0x00000000f7d80000,0x00000000f7f00000)
 ParOldGen       total 42496K, used 568K [0x00000000c2400000, 0x00000000c4d80000, 0x00000000eb700000)
  object space 42496K, 1% used [0x00000000c2400000,0x00000000c248e070,0x00000000c4d80000)
 Metaspace       used 4344K, capacity 5050K, committed 5120K, reserved 1056768K
  class space    used 469K, capacity 490K, committed 512K, reserved 1048576K
}
Event: 2.119 GC heap before
{Heap before GC invocations=11 (full 0):
 PSYoungGen      total 204800K, used 203264K [0x00000000eb700000, 0x00000000f8080000, 0x0000000100000000)
  eden space 203264K, 100% used [0x00000000eb700000,0x00000000f7d80000,0x00000000f7d80000)
  from space 1536K, 0% used [0x00000000f7f00000,0x00000000f7f00000,0x00000000f8080000)
  to   space 1536K, 0% used [0x00000000f7d80000,0x00000000f7d80000,0x00000000f7f00000)
 ParOldGen       total 42496K, used 568K [0x00000000c2400000, 0x00000000c4d80000, 0x00000000eb700000)
  object space 42496K, 1% used [0x00000000c2400000,0x00000000c248e070,0x00000000c4d80000)
 Metaspace       used 4344K, capacity 5050K, committed 5120K, reserved 1056768K
  class space    used 469K, capacity 490K, committed 512K, reserved 1048576K

