# JRE version: OpenJDK Runtime Environment (8.0_275-b01) (build 1.8.0_275-b01)
# Java VM: OpenJDK 64-Bit Server VM (25.275-b01 mixed mode linux-amd64 compressed oops)
Heap:
 PSYoungGen      total 204800K, used 32K [0x00000000eb700000, 0x00000000f8080000, 0x0000000100000000)
  eden space 203264K, 0% used [0x00000000eb700000,0x00000000eb700000,0x00000000f7d80000)
  from space 1536K, 2% used [0x00000000f7d80000,0x00000000f7d88000,0x00000000f7f00000)
  to   space 1536K, 0% used [0x00000000f7f00000,0x00000000f7f00000,0x00000000f8080000)
 ParOldGen       total 42496K, used 572K [0x00000000c2400000, 0x00000000c4d80000, 0x00000000eb700000)
  object space 42496K, 1% used [0x00000000c2400000,0x00000000c248f080,0x00000000c4d80000)
 Metaspace       used 4359K, capacity 5050K, committed 5120K, reserved 1056768K
  class space    used 470K, capacity 490K, committed 512K, reserved 1048576K
GC Heap History (10 events):
Event: 0.824 GC heap after
Heap after GC invocations=6 (full 0):
 PSYoungGen      total 65024K, used 560K [0x00000000eb700000, 0x00000000ef800000, 0x0000000100000000)
  eden space 63488K, 0% used [0x00000000eb700000,0x00000000eb700000,0x00000000ef500000)
  from space 1536K, 36% used [0x00000000ef680000,0x00000000ef70c010,0x00000000ef800000)
  to   space 1536K, 0% used [0x00000000ef500000,0x00000000ef500000,0x00000000ef680000)
 ParOldGen       total 42496K, used 24K [0x00000000c2400000, 0x00000000c4d80000, 0x00000000eb700000)
  object space 42496K, 0% used [0x00000000c2400000,0x00000000c2406000,0x00000000c4d80000)
 Metaspace       used 4359K, capacity 5050K, committed 5120K, reserved 1056768K
  class space    used 470K, capacity 490K, committed 512K, reserved 1048576K
}
Event: 0.854 GC heap before
{Heap before GC invocations=7 (full 0):
 PSYoungGen      total 65024K, used 64048K [0x00000000eb700000, 0x00000000ef800000, 0x0000000100000000)
  eden space 63488K, 100% used [0x00000000eb700000,0x00000000ef500000,0x00000000ef500000)
  from space 1536K, 36% used [0x00000000ef680000,0x00000000ef70c010,0x00000000ef800000)
  to   space 1536K, 0% used [0x00000000ef500000,0x00000000ef500000,0x00000000ef680000)
 ParOldGen       total 42496K, used 24K [0x00000000c2400000, 0x00000000c4d80000, 0x00000000eb700000)
  object space 42496K, 0% used [0x00000000c2400000,0x00000000c2406000,0x00000000c4d80000)
 Metaspace       used 4359K, capacity 5050K, committed 5120K, reserved 1056768K
  class space    used 470K, capacity 490K, committed 512K, reserved 1048576K
Event: 0.855 GC heap after
Heap after GC invocations=7 (full 0):
 PSYoungGen      total 65024K, used 0K [0x00000000eb700000, 0x00000000f3600000, 0x0000000100000000)
  eden space 63488K, 0% used [0x00000000eb700000,0x00000000eb700000,0x00000000ef500000)
  from space 1536K, 0% used [0x00000000ef500000,0x00000000ef500000,0x00000000ef680000)
  to   space 1536K, 0% used [0x00000000f3480000,0x00000000f3480000,0x00000000f3600000)
 ParOldGen       total 42496K, used 572K [0x00000000c2400000, 0x00000000c4d80000, 0x00000000eb700000)
  object space 42496K, 1% used [0x00000000c2400000,0x00000000c248f080,0x00000000c4d80000)
 Metaspace       used 4359K, capacity 5050K, committed 5120K, reserved 1056768K
  class space    used 470K, capacity 490K, committed 512K, reserved 1048576K
}
Event: 0.904 GC heap before
{Heap before GC invocations=8 (full 0):
 PSYoungGen      total 65024K, used 63488K [0x00000000eb700000, 0x00000000f3600000, 0x0000000100000000)
  eden space 63488K, 100% used [0x00000000eb700000,0x00000000ef500000,0x00000000ef500000)
  from space 1536K, 0% used [0x00000000ef500000,0x00000000ef500000,0x00000000ef680000)
  to   space 1536K, 0% used [0x00000000f3480000,0x00000000f3480000,0x00000000f3600000)
 ParOldGen       total 42496K, used 572K [0x00000000c2400000, 0x00000000c4d80000, 0x00000000eb700000)
  object space 42496K, 1% used [0x00000000c2400000,0x00000000c248f080,0x00000000c4d80000)
 Metaspace       used 4359K, capacity 5050K, committed 5120K, reserved 1056768K
  class space    used 470K, capacity 490K, committed 512K, reserved 1048576K
Event: 0.906 GC heap after
Heap after GC invocations=8 (full 0):
 PSYoungGen      total 128512K, used 0K [0x00000000eb700000, 0x00000000f3600000, 0x0000000100000000)
  eden space 126976K, 0% used [0x00000000eb700000,0x00000000eb700000,0x00000000f3300000)
  from space 1536K, 0% used [0x00000000f3480000,0x00000000f3480000,0x00000000f3600000)
  to   space 1536K, 0% used [0x00000000f3300000,0x00000000f3300000,0x00000000f3480000)
 ParOldGen       total 42496K, used 572K [0x00000000c2400000, 0x00000000c4d80000, 0x00000000eb700000)
  object space 42496K, 1% used [0x00000000c2400000,0x00000000c248f080,0x00000000c4d80000)
 Metaspace       used 4359K, capacity 5050K, committed 5120K, reserved 1056768K
  class space    used 470K, capacity 490K, committed 512K, reserved 1048576K
}
Event: 1.001 GC heap before
{Heap before GC invocations=9 (full 0):
 PSYoungGen      total 128512K, used 126976K [0x00000000eb700000, 0x00000000f3600000, 0x0000000100000000)
  eden space 126976K, 100% used [0x00000000eb700000,0x00000000f3300000,0x00000000f3300000)
  from space 1536K, 0% used [0x00000000f3480000,0x00000000f3480000,0x00000000f3600000)
  to   space 1536K, 0% used [0x00000000f3300000,0x00000000f3300000,0x00000000f3480000)
 ParOldGen       total 42496K, used 572K [0x00000000c2400000, 0x00000000c4d80000, 0x00000000eb700000)
  object space 42496K, 1% used [0x00000000c2400000,0x00000000c248f080,0x00000000c4d80000)
 Metaspace       used 4359K, capacity 5050K, committed 5120K, reserved 1056768K
  class space    used 470K, capacity 490K, committed 512K, reserved 1048576K
Event: 1.013 GC heap after
Heap after GC invocations=9 (full 0):
 PSYoungGen      total 128512K, used 0K [0x00000000eb700000, 0x00000000f8080000, 0x0000000100000000)
  eden space 126976K, 0% used [0x00000000eb700000,0x00000000eb700000,0x00000000f3300000)
  from space 1536K, 0% used [0x00000000f3300000,0x00000000f3300000,0x00000000f3480000)
  to   space 1536K, 0% used [0x00000000f7f00000,0x00000000f7f00000,0x00000000f8080000)
 ParOldGen       total 42496K, used 572K [0x00000000c2400000, 0x00000000c4d80000, 0x00000000eb700000)
  object space 42496K, 1% used [0x00000000c2400000,0x00000000c248f080,0x00000000c4d80000)
 Metaspace       used 4359K, capacity 5050K, committed 5120K, reserved 1056768K
  class space    used 470K, capacity 490K, committed 512K, reserved 1048576K
}
Event: 1.133 GC heap before
{Heap before GC invocations=10 (full 0):
 PSYoungGen      total 128512K, used 126976K [0x00000000eb700000, 0x00000000f8080000, 0x0000000100000000)
  eden space 126976K, 100% used [0x00000000eb700000,0x00000000f3300000,0x00000000f3300000)
  from space 1536K, 0% used [0x00000000f3300000,0x00000000f3300000,0x00000000f3480000)
  to   space 1536K, 0% used [0x00000000f7f00000,0x00000000f7f00000,0x00000000f8080000)
 ParOldGen       total 42496K, used 572K [0x00000000c2400000, 0x00000000c4d80000, 0x00000000eb700000)
  object space 42496K, 1% used [0x00000000c2400000,0x00000000c248f080,0x00000000c4d80000)
 Metaspace       used 4359K, capacity 5050K, committed 5120K, reserved 1056768K
  class space    used 470K, capacity 490K, committed 512K, reserved 1048576K
Event: 1.141 GC heap after
Heap after GC invocations=10 (full 0):
 PSYoungGen      total 204800K, used 0K [0x00000000eb700000, 0x00000000f8080000, 0x0000000100000000)
  eden space 203264K, 0% used [0x00000000eb700000,0x00000000eb700000,0x00000000f7d80000)
  from space 1536K, 0% used [0x00000000f7f00000,0x00000000f7f00000,0x00000000f8080000)
  to   space 1536K, 0% used [0x00000000f7d80000,0x00000000f7d80000,0x00000000f7f00000)
 ParOldGen       total 42496K, used 572K [0x00000000c2400000, 0x00000000c4d80000, 0x00000000eb700000)
  object space 42496K, 1% used [0x00000000c2400000,0x00000000c248f080,0x00000000c4d80000)
 Metaspace       used 4359K, capacity 5050K, committed 5120K, reserved 1056768K
  class space    used 470K, capacity 490K, committed 512K, reserved 1048576K
}
Event: 1.279 GC heap before
{Heap before GC invocations=11 (full 0):
 PSYoungGen      total 204800K, used 203264K [0x00000000eb700000, 0x00000000f8080000, 0x0000000100000000)
  eden space 203264K, 100% used [0x00000000eb700000,0x00000000f7d80000,0x00000000f7d80000)
  from space 1536K, 0% used [0x00000000f7f00000,0x00000000f7f00000,0x00000000f8080000)
  to   space 1536K, 0% used [0x00000000f7d80000,0x00000000f7d80000,0x00000000f7f00000)
 ParOldGen       total 42496K, used 572K [0x00000000c2400000, 0x00000000c4d80000, 0x00000000eb700000)
  object space 42496K, 1% used [0x00000000c2400000,0x00000000c248f080,0x00000000c4d80000)
 Metaspace       used 4359K, capacity 5050K, committed 5120K, reserved 1056768K
  class space    used 470K, capacity 490K, committed 512K, reserved 1048576K

