# JRE version: OpenJDK Runtime Environment (8.0_275-b01) (build 1.8.0_275-b01)
# Java VM: OpenJDK 64-Bit Server VM (25.275-b01 mixed mode linux-amd64 compressed oops)
Heap:
 PSYoungGen      total 255488K, used 0K [0x00000000eb700000, 0x00000000fb300000, 0x0000000100000000)
  eden space 253952K, 0% used [0x00000000eb700000,0x00000000eb700000,0x00000000faf00000)
  from space 1536K, 0% used [0x00000000faf00000,0x00000000faf00000,0x00000000fb080000)
  to   space 1536K, 0% used [0x00000000fb080000,0x00000000fb080000,0x00000000fb200000)
 ParOldGen       total 42496K, used 584K [0x00000000c2400000, 0x00000000c4d80000, 0x00000000eb700000)
  object space 42496K, 1% used [0x00000000c2400000,0x00000000c2492070,0x00000000c4d80000)
 Metaspace       used 4329K, capacity 5050K, committed 5120K, reserved 1056768K
  class space    used 470K, capacity 490K, committed 512K, reserved 1048576K
GC Heap History (10 events):
Event: 0.457 GC heap after
Heap after GC invocations=4 (full 0):
 PSYoungGen      total 66048K, used 592K [0x00000000eb700000, 0x00000000efa00000, 0x0000000100000000)
  eden space 63488K, 0% used [0x00000000eb700000,0x00000000eb700000,0x00000000ef500000)
  from space 2560K, 23% used [0x00000000ef780000,0x00000000ef814010,0x00000000efa00000)
  to   space 2560K, 0% used [0x00000000ef500000,0x00000000ef500000,0x00000000ef780000)
 ParOldGen       total 42496K, used 8K [0x00000000c2400000, 0x00000000c4d80000, 0x00000000eb700000)
  object space 42496K, 0% used [0x00000000c2400000,0x00000000c2402000,0x00000000c4d80000)
 Metaspace       used 4329K, capacity 5050K, committed 5120K, reserved 1056768K
  class space    used 470K, capacity 490K, committed 512K, reserved 1048576K
}
Event: 0.485 GC heap before
{Heap before GC invocations=5 (full 0):
 PSYoungGen      total 66048K, used 64080K [0x00000000eb700000, 0x00000000efa00000, 0x0000000100000000)
  eden space 63488K, 100% used [0x00000000eb700000,0x00000000ef500000,0x00000000ef500000)
  from space 2560K, 23% used [0x00000000ef780000,0x00000000ef814010,0x00000000efa00000)
  to   space 2560K, 0% used [0x00000000ef500000,0x00000000ef500000,0x00000000ef780000)
 ParOldGen       total 42496K, used 8K [0x00000000c2400000, 0x00000000c4d80000, 0x00000000eb700000)
  object space 42496K, 0% used [0x00000000c2400000,0x00000000c2402000,0x00000000c4d80000)
 Metaspace       used 4329K, capacity 5050K, committed 5120K, reserved 1056768K
  class space    used 470K, capacity 490K, committed 512K, reserved 1048576K
Event: 0.487 GC heap after
Heap after GC invocations=5 (full 0):
 PSYoungGen      total 66048K, used 592K [0x00000000eb700000, 0x00000000f3600000, 0x0000000100000000)
  eden space 63488K, 0% used [0x00000000eb700000,0x00000000eb700000,0x00000000ef500000)
  from space 2560K, 23% used [0x00000000ef500000,0x00000000ef594010,0x00000000ef780000)
  to   space 1536K, 0% used [0x00000000f3480000,0x00000000f3480000,0x00000000f3600000)
 ParOldGen       total 42496K, used 16K [0x00000000c2400000, 0x00000000c4d80000, 0x00000000eb700000)
  object space 42496K, 0% used [0x00000000c2400000,0x00000000c2404000,0x00000000c4d80000)
 Metaspace       used 4329K, capacity 5050K, committed 5120K, reserved 1056768K
  class space    used 470K, capacity 490K, committed 512K, reserved 1048576K
}
Event: 0.507 GC heap before
{Heap before GC invocations=6 (full 0):
 PSYoungGen      total 66048K, used 64080K [0x00000000eb700000, 0x00000000f3600000, 0x0000000100000000)
  eden space 63488K, 100% used [0x00000000eb700000,0x00000000ef500000,0x00000000ef500000)
  from space 2560K, 23% used [0x00000000ef500000,0x00000000ef594010,0x00000000ef780000)
  to   space 1536K, 0% used [0x00000000f3480000,0x00000000f3480000,0x00000000f3600000)
 ParOldGen       total 42496K, used 16K [0x00000000c2400000, 0x00000000c4d80000, 0x00000000eb700000)
  object space 42496K, 0% used [0x00000000c2400000,0x00000000c2404000,0x00000000c4d80000)
 Metaspace       used 4329K, capacity 5050K, committed 5120K, reserved 1056768K
  class space    used 470K, capacity 490K, committed 512K, reserved 1048576K
Event: 0.508 GC heap after
Heap after GC invocations=6 (full 0):
 PSYoungGen      total 128000K, used 608K [0x00000000eb700000, 0x00000000f3580000, 0x0000000100000000)
  eden space 126976K, 0% used [0x00000000eb700000,0x00000000eb700000,0x00000000f3300000)
  from space 1024K, 59% used [0x00000000f3480000,0x00000000f3518020,0x00000000f3580000)
  to   space 1024K, 0% used [0x00000000f3380000,0x00000000f3380000,0x00000000f3480000)
 ParOldGen       total 42496K, used 24K [0x00000000c2400000, 0x00000000c4d80000, 0x00000000eb700000)
  object space 42496K, 0% used [0x00000000c2400000,0x00000000c2406000,0x00000000c4d80000)
 Metaspace       used 4329K, capacity 5050K, committed 5120K, reserved 1056768K
  class space    used 470K, capacity 490K, committed 512K, reserved 1048576K
}
Event: 0.574 GC heap before
{Heap before GC invocations=7 (full 0):
 PSYoungGen      total 128000K, used 127584K [0x00000000eb700000, 0x00000000f3580000, 0x0000000100000000)
  eden space 126976K, 100% used [0x00000000eb700000,0x00000000f3300000,0x00000000f3300000)
  from space 1024K, 59% used [0x00000000f3480000,0x00000000f3518020,0x00000000f3580000)
  to   space 1024K, 0% used [0x00000000f3380000,0x00000000f3380000,0x00000000f3480000)
 ParOldGen       total 42496K, used 24K [0x00000000c2400000, 0x00000000c4d80000, 0x00000000eb700000)
  object space 42496K, 0% used [0x00000000c2400000,0x00000000c2406000,0x00000000c4d80000)
 Metaspace       used 4329K, capacity 5050K, committed 5120K, reserved 1056768K
  class space    used 470K, capacity 490K, committed 512K, reserved 1048576K
Event: 0.575 GC heap after
Heap after GC invocations=7 (full 0):
 PSYoungGen      total 128512K, used 0K [0x00000000eb700000, 0x00000000fb200000, 0x0000000100000000)
  eden space 127488K, 0% used [0x00000000eb700000,0x00000000eb700000,0x00000000f3380000)
  from space 1024K, 0% used [0x00000000f3380000,0x00000000f3380000,0x00000000f3480000)
  to   space 1536K, 0% used [0x00000000fb080000,0x00000000fb080000,0x00000000fb200000)
 ParOldGen       total 42496K, used 584K [0x00000000c2400000, 0x00000000c4d80000, 0x00000000eb700000)
  object space 42496K, 1% used [0x00000000c2400000,0x00000000c2492070,0x00000000c4d80000)
 Metaspace       used 4329K, capacity 5050K, committed 5120K, reserved 1056768K
  class space    used 470K, capacity 490K, committed 512K, reserved 1048576K
}
Event: 0.666 GC heap before
{Heap before GC invocations=8 (full 0):
 PSYoungGen      total 128512K, used 127488K [0x00000000eb700000, 0x00000000fb200000, 0x0000000100000000)
  eden space 127488K, 100% used [0x00000000eb700000,0x00000000f3380000,0x00000000f3380000)
  from space 1024K, 0% used [0x00000000f3380000,0x00000000f3380000,0x00000000f3480000)
  to   space 1536K, 0% used [0x00000000fb080000,0x00000000fb080000,0x00000000fb200000)
 ParOldGen       total 42496K, used 584K [0x00000000c2400000, 0x00000000c4d80000, 0x00000000eb700000)
  object space 42496K, 1% used [0x00000000c2400000,0x00000000c2492070,0x00000000c4d80000)
 Metaspace       used 4329K, capacity 5050K, committed 5120K, reserved 1056768K
  class space    used 470K, capacity 490K, committed 512K, reserved 1048576K
Event: 0.666 GC heap after
Heap after GC invocations=8 (full 0):
 PSYoungGen      total 255488K, used 0K [0x00000000eb700000, 0x00000000fb300000, 0x0000000100000000)
  eden space 253952K, 0% used [0x00000000eb700000,0x00000000eb700000,0x00000000faf00000)
  from space 1536K, 0% used [0x00000000fb080000,0x00000000fb080000,0x00000000fb200000)
  to   space 1536K, 0% used [0x00000000faf00000,0x00000000faf00000,0x00000000fb080000)
 ParOldGen       total 42496K, used 584K [0x00000000c2400000, 0x00000000c4d80000, 0x00000000eb700000)
  object space 42496K, 1% used [0x00000000c2400000,0x00000000c2492070,0x00000000c4d80000)
 Metaspace       used 4329K, capacity 5050K, committed 5120K, reserved 1056768K
  class space    used 470K, capacity 490K, committed 512K, reserved 1048576K
}
Event: 0.955 GC heap before
{Heap before GC invocations=9 (full 0):
 PSYoungGen      total 255488K, used 253952K [0x00000000eb700000, 0x00000000fb300000, 0x0000000100000000)
  eden space 253952K, 100% used [0x00000000eb700000,0x00000000faf00000,0x00000000faf00000)
  from space 1536K, 0% used [0x00000000fb080000,0x00000000fb080000,0x00000000fb200000)
  to   space 1536K, 0% used [0x00000000faf00000,0x00000000faf00000,0x00000000fb080000)
 ParOldGen       total 42496K, used 584K [0x00000000c2400000, 0x00000000c4d80000, 0x00000000eb700000)
  object space 42496K, 1% used [0x00000000c2400000,0x00000000c2492070,0x00000000c4d80000)
 Metaspace       used 4329K, capacity 5050K, committed 5120K, reserved 1056768K
  class space    used 470K, capacity 490K, committed 512K, reserved 1048576K

